<?xml version="1.0" encoding="UTF-8"?>
<coverage generated="1781484309890" clover="3.2.0">
  <project timestamp="1781484309891" name="All files">
    <metrics statements="50" coveredstatements="50" conditionals="73" coveredconditionals="60" methods="20" coveredmethods="20" elements="143" coveredelements="130" complexity="0" loc="50" ncloc="50" packages="3" files="8" classes="8"/>
    <package name="components">
      <metrics statements="11" coveredstatements="11" conditionals="8" coveredconditionals="7" methods="5" coveredmethods="5"/>
      <file name="FiltrosBusqueda.tsx" path="C:\Users\facug\Desktop\Aplicaciones 1\frontend\front clonado\FrontEnd_Grupo3_DesarrolloApps1\src\components\FiltrosBusqueda.tsx">
        <metrics statements="11" coveredstatements="11" conditionals="8" coveredconditionals="7" methods="5" coveredmethods="5"/>
        <line num="19" count="10" type="stmt"/>
        <line num="21" count="10" type="stmt"/>
        <line num="22" count="10" type="stmt"/>
        <line num="24" count="10" type="stmt"/>
        <line num="35" count="3" type="stmt"/>
        <line num="47" count="1" type="stmt"/>
        <line num="48" count="1" type="stmt"/>
        <line num="56" count="1" type="stmt"/>
        <line num="58" count="1" type="stmt"/>
        <line num="59" count="1" type="stmt"/>
        <line num="67" count="1" type="stmt"/>
      </file>
    </package>
    <package name="components.Explorar">
      <metrics statements="20" coveredstatements="20" conditionals="55" coveredconditionals="43" methods="6" coveredmethods="6"/>
      <file name="CardItinerarioExplorar.styles.ts" path="C:\Users\facug\Desktop\Aplicaciones 1\frontend\front clonado\FrontEnd_Grupo3_DesarrolloApps1\src\components\Explorar\CardItinerarioExplorar.styles.ts">
        <metrics statements="1" coveredstatements="1" conditionals="0" coveredconditionals="0" methods="0" coveredmethods="0"/>
        <line num="6" count="1" type="stmt"/>
      </file>
      <file name="CardItinerarioExplorar.tsx" path="C:\Users\facug\Desktop\Aplicaciones 1\frontend\front clonado\FrontEnd_Grupo3_DesarrolloApps1\src\components\Explorar\CardItinerarioExplorar.tsx">
        <metrics statements="6" coveredstatements="6" conditionals="18" coveredconditionals="13" methods="2" coveredmethods="2"/>
        <line num="40" count="4" type="stmt"/>
        <line num="41" count="4" type="stmt"/>
        <line num="42" count="4" type="stmt"/>
        <line num="44" count="4" type="stmt"/>
        <line num="50" count="4" type="stmt"/>
        <line num="54" count="2" type="stmt"/>
      </file>
      <file name="CardItinerarioInfo.styles.ts" path="C:\Users\facug\Desktop\Aplicaciones 1\frontend\front clonado\FrontEnd_Grupo3_DesarrolloApps1\src\components\Explorar\CardItinerarioInfo.styles.ts">
        <metrics statements="1" coveredstatements="1" conditionals="0" coveredconditionals="0" methods="0" coveredmethods="0"/>
        <line num="6" count="2" type="stmt"/>
      </file>
      <file name="CardItinerarioInfo.tsx" path="C:\Users\facug\Desktop\Aplicaciones 1\frontend\front clonado\FrontEnd_Grupo3_DesarrolloApps1\src\components\Explorar\CardItinerarioInfo.tsx">
        <metrics statements="5" coveredstatements="5" conditionals="27" coveredconditionals="21" methods="1" coveredmethods="1"/>
        <line num="44" count="12" type="stmt"/>
        <line num="45" count="12" type="stmt"/>
        <line num="47" count="12" type="stmt"/>
        <line num="53" count="12" type="cond" truecount="6" falsecount="0"/>
        <line num="57" count="12" type="stmt"/>
      </file>
      <file name="FiltroCategoriasCarrusel.styles.ts" path="C:\Users\facug\Desktop\Aplicaciones 1\frontend\front clonado\FrontEnd_Grupo3_DesarrolloApps1\src\components\Explorar\FiltroCategoriasCarrusel.styles.ts">
        <metrics statements="1" coveredstatements="1" conditionals="0" coveredconditionals="0" methods="0" coveredmethods="0"/>
        <line num="6" count="1" type="stmt"/>
      </file>
      <file name="FiltroCategoriasCarrusel.tsx" path="C:\Users\facug\Desktop\Aplicaciones 1\frontend\front clonado\FrontEnd_Grupo3_DesarrolloApps1\src\components\Explorar\FiltroCategoriasCarrusel.tsx">
        <metrics statements="6" coveredstatements="6" conditionals="10" coveredconditionals="9" methods="3" coveredmethods="3"/>
        <line num="11" count="1" type="stmt"/>
        <line num="26" count="3" type="stmt"/>
        <line num="28" count="3" type="stmt"/>
        <line num="34" count="18" type="stmt"/>
        <line num="35" count="18" type="stmt"/>
        <line num="39" count="2" type="cond" truecount="2" falsecount="0"/>
      </file>
    </package>
    <package name="components.Preferencias">
      <metrics statements="19" coveredstatements="19" conditionals="10" coveredconditionals="10" methods="9" coveredmethods="9"/>
      <file name="ProvinciaSelector.tsx" path="C:\Users\facug\Desktop\Aplicaciones 1\frontend\front clonado\FrontEnd_Grupo3_DesarrolloApps1\src\components\Preferencias\ProvinciaSelector.tsx">
        <metrics statements="19" coveredstatements="19" conditionals="10" coveredconditionals="10" methods="9" coveredmethods="9"/>
        <line num="22" count="1" type="stmt"/>
        <line num="26" count="207" type="stmt"/>
        <line num="31" count="11" type="stmt"/>
        <line num="33" count="11" type="cond" truecount="2" falsecount="0"/>
        <line num="35" count="48" type="stmt"/>
        <line num="39" count="11" type="stmt"/>
        <line num="40" count="2" type="stmt"/>
        <line num="41" count="2" type="stmt"/>
        <line num="44" count="11" type="stmt"/>
        <line num="45" count="1" type="stmt"/>
        <line num="46" count="1" type="stmt"/>
        <line num="47" count="1" type="stmt"/>
        <line num="50" count="11" type="stmt"/>
        <line num="72" count="1" type="stmt"/>
        <line num="80" count="218" type="stmt"/>
        <line num="83" count="218" type="stmt"/>
        <line num="84" count="218" type="stmt"/>
        <line num="87" count="1" type="stmt"/>
        <line num="105" count="1" type="stmt"/>
      </file>
    </package>
  </project>
</coverage>
