<?xml version="1.0" encoding="UTF-8"?>
<coverage generated="1781480070685" clover="3.2.0">
  <project timestamp="1781480070685" name="All files">
    <metrics statements="81" coveredstatements="80" conditionals="75" coveredconditionals="70" methods="21" coveredmethods="20" elements="177" coveredelements="170" complexity="0" loc="81" ncloc="81" packages="2" files="7" classes="7"/>
    <package name="Preferencias">
      <metrics statements="72" coveredstatements="71" conditionals="51" coveredconditionals="46" methods="18" coveredmethods="17"/>
      <file name="CalendarioViaje.tsx" path="C:\Users\facug\Desktop\Aplicaciones 1\frontend\front clonado\FrontEnd_Grupo3_DesarrolloApps1\src\components\Preferencias\CalendarioViaje.tsx">
        <metrics statements="46" coveredstatements="45" conditionals="29" coveredconditionals="24" methods="6" coveredmethods="5"/>
        <line num="12" count="1" type="stmt"/>
        <line num="25" count="1" type="stmt"/>
        <line num="42" count="1" type="stmt"/>
        <line num="43" count="1" type="stmt"/>
        <line num="44" count="1" type="stmt"/>
        <line num="45" count="1" type="stmt"/>
        <line num="48" count="12" type="cond" truecount="2" falsecount="0"/>
        <line num="49" count="12" type="cond" truecount="2" falsecount="0"/>
        <line num="51" count="12" type="stmt"/>
        <line num="52" count="7" type="cond" truecount="5" falsecount="0"/>
        <line num="53" count="4" type="stmt"/>
        <line num="54" count="4" type="stmt"/>
        <line num="55" count="3" type="cond" truecount="2" falsecount="0"/>
        <line num="56" count="1" type="stmt"/>
        <line num="57" count="1" type="stmt"/>
        <line num="58" count="2" type="cond" truecount="2" falsecount="0"/>
        <line num="59" count="1" type="stmt"/>
        <line num="61" count="1" type="stmt"/>
        <line num="65" count="12" type="stmt"/>
        <line num="66" count="12" type="cond" truecount="2" falsecount="0"/>
        <line num="67" count="7" type="stmt"/>
        <line num="69" count="7" type="cond" truecount="2" falsecount="0"/>
        <line num="70" count="4" type="stmt"/>
        <line num="76" count="4" type="stmt"/>
        <line num="79" count="3" type="stmt"/>
        <line num="80" count="3" type="stmt"/>
        <line num="82" count="3" type="stmt"/>
        <line num="83" count="3" type="stmt"/>
        <line num="84" count="3" type="stmt"/>
        <line num="85" count="3" type="stmt"/>
        <line num="86" count="11" type="stmt"/>
        <line num="87" count="11" type="stmt"/>
        <line num="88" count="11" type="stmt"/>
        <line num="90" count="3" type="stmt"/>
        <line num="93" count="12" type="cond" truecount="2" falsecount="0"/>
        <line num="95" count="12" type="stmt"/>
        <line num="96" count="2" type="cond" truecount="1" falsecount="1"/>
        <line num="97" count="2" type="stmt"/>
        <line num="98" count="2" type="stmt"/>
        <line num="102" count="12" type="stmt"/>
        <line num="103" count="1" type="cond" truecount="1" falsecount="1"/>
        <line num="104" count="1" type="cond" truecount="1" falsecount="1"/>
        <line num="105" count="1" type="stmt"/>
        <line num="108" count="12" type="stmt"/>
        <line num="125" count="0" type="stmt"/>
        <line num="163" count="1" type="stmt"/>
      </file>
      <file name="CategoriaCard.tsx" path="C:\Users\facug\Desktop\Aplicaciones 1\frontend\front clonado\FrontEnd_Grupo3_DesarrolloApps1\src\components\Preferencias\CategoriaCard.tsx">
        <metrics statements="7" coveredstatements="7" conditionals="8" coveredconditionals="8" methods="1" coveredmethods="1"/>
        <line num="20" count="15" type="stmt"/>
        <line num="23" count="15" type="cond" truecount="2" falsecount="0"/>
        <line num="24" count="15" type="cond" truecount="2" falsecount="0"/>
        <line num="25" count="15" type="cond" truecount="2" falsecount="0"/>
        <line num="26" count="15" type="cond" truecount="2" falsecount="0"/>
        <line num="28" count="15" type="stmt"/>
        <line num="42" count="2" type="stmt"/>
      </file>
      <file name="CategoriaGrid.tsx" path="C:\Users\facug\Desktop\Aplicaciones 1\frontend\front clonado\FrontEnd_Grupo3_DesarrolloApps1\src\components\Preferencias\CategoriaGrid.tsx">
        <metrics statements="12" coveredstatements="12" conditionals="0" coveredconditionals="0" methods="9" coveredmethods="9"/>
        <line num="15" count="1" type="stmt"/>
        <line num="16" count="2" type="stmt"/>
        <line num="17" count="2" type="stmt"/>
        <line num="18" count="2" type="stmt"/>
        <line num="19" count="2" type="stmt"/>
        <line num="22" count="2" type="stmt"/>
        <line num="26" count="2" type="stmt"/>
        <line num="36" count="2" type="stmt"/>
        <line num="38" count="2" type="stmt"/>
        <line num="46" count="12" type="stmt"/>
        <line num="51" count="1" type="stmt"/>
        <line num="59" count="1" type="stmt"/>
      </file>
      <file name="DestinoInput.tsx" path="C:\Users\facug\Desktop\Aplicaciones 1\frontend\front clonado\FrontEnd_Grupo3_DesarrolloApps1\src\components\Preferencias\DestinoInput.tsx">
        <metrics statements="3" coveredstatements="3" conditionals="6" coveredconditionals="6" methods="1" coveredmethods="1"/>
        <line num="21" count="3" type="stmt"/>
        <line num="23" count="3" type="stmt"/>
        <line num="43" count="1" type="stmt"/>
      </file>
      <file name="FechaRangeSelector.tsx" path="C:\Users\facug\Desktop\Aplicaciones 1\frontend\front clonado\FrontEnd_Grupo3_DesarrolloApps1\src\components\Preferencias\FechaRangeSelector.tsx">
        <metrics statements="4" coveredstatements="4" conditionals="8" coveredconditionals="8" methods="1" coveredmethods="1"/>
        <line num="22" count="2" type="stmt"/>
        <line num="24" count="2" type="cond" truecount="2" falsecount="0"/>
        <line num="26" count="2" type="stmt"/>
        <line num="60" count="1" type="stmt"/>
      </file>
    </package>
    <package name="Recomendaciones">
      <metrics statements="9" coveredstatements="9" conditionals="24" coveredconditionals="24" methods="3" coveredmethods="3"/>
      <file name="ResultadosEmptyState.tsx" path="C:\Users\facug\Desktop\Aplicaciones 1\frontend\front clonado\FrontEnd_Grupo3_DesarrolloApps1\src\components\Recomendaciones\ResultadosEmptyState.tsx">
        <metrics statements="3" coveredstatements="3" conditionals="0" coveredconditionals="0" methods="1" coveredmethods="1"/>
        <line num="18" count="1" type="stmt"/>
        <line num="20" count="1" type="stmt"/>
        <line num="37" count="1" type="stmt"/>
      </file>
      <file name="ResultadosHeader.tsx" path="C:\Users\facug\Desktop\Aplicaciones 1\frontend\front clonado\FrontEnd_Grupo3_DesarrolloApps1\src\components\Recomendaciones\ResultadosHeader.tsx">
        <metrics statements="6" coveredstatements="6" conditionals="24" coveredconditionals="24" methods="2" coveredmethods="2"/>
        <line num="33" count="5" type="stmt"/>
        <line num="34" count="5" type="stmt"/>
        <line num="37" count="5" type="cond" truecount="2" falsecount="0"/>
        <line num="39" count="5" type="stmt"/>
        <line num="83" count="10" type="stmt"/>
        <line num="93" count="1" type="stmt"/>
      </file>
    </package>
  </project>
</coverage>
