{"C:\\Users\\facug\\Desktop\\Aplicaciones 1\\frontend\\front clonado\\FrontEnd_Grupo3_DesarrolloApps1\\src\\components\\FiltrosBusqueda.tsx": {"path":"C:\\Users\\facug\\Desktop\\Aplicaciones 1\\frontend\\front clonado\\FrontEnd_Grupo3_DesarrolloApps1\\src\\components\\FiltrosBusqueda.tsx","statementMap":{"0":{"start":{"line":19,"column":44},"end":{"line":19,"column":59}},"1":{"start":{"line":21,"column":33},"end":{"line":21,"column":43}},"2":{"start":{"line":22,"column":17},"end":{"line":22,"column":39}},"3":{"start":{"line":24,"column":2},"end":{"line":64,"column":4}},"4":{"start":{"line":35,"column":23},"end":{"line":35,"column":45}},"5":{"start":{"line":47,"column":12},"end":{"line":47,"column":32}},"6":{"start":{"line":48,"column":12},"end":{"line":48,"column":41}},"7":{"start":{"line":56,"column":23},"end":{"line":56,"column":46}},"8":{"start":{"line":58,"column":10},"end":{"line":58,"column":31}},"9":{"start":{"line":59,"column":10},"end":{"line":59,"column":34}},"10":{"start":{"line":67,"column":15},"end":{"line":94,"column":2}}},"fnMap":{"0":{"name":"FiltrosDeBusqueda","decl":{"start":{"line":18,"column":16},"end":{"line":18,"column":33}},"loc":{"start":{"line":18,"column":100},"end":{"line":65,"column":1}},"line":18},"1":{"name":"(anonymous_1)","decl":{"start":{"line":35,"column":17},"end":{"line":35,"column":18}},"loc":{"start":{"line":35,"column":23},"end":{"line":35,"column":45}},"line":35},"2":{"name":"(anonymous_2)","decl":{"start":{"line":46,"column":37},"end":{"line":46,"column":38}},"loc":{"start":{"line":46,"column":44},"end":{"line":49,"column":11}},"line":46},"3":{"name":"(anonymous_3)","decl":{"start":{"line":56,"column":17},"end":{"line":56,"column":18}},"loc":{"start":{"line":56,"column":23},"end":{"line":56,"column":46}},"line":56},"4":{"name":"(anonymous_4)","decl":{"start":{"line":57,"column":18},"end":{"line":57,"column":19}},"loc":{"start":{"line":57,"column":25},"end":{"line":60,"column":9}},"line":57}},"branchMap":{"0":{"loc":{"start":{"line":32,"column":25},"end":{"line":32,"column":66}},"type":"cond-expr","locations":[{"start":{"line":32,"column":34},"end":{"line":32,"column":46}},{"start":{"line":32,"column":49},"end":{"line":32,"column":66}}],"line":32},"1":{"loc":{"start":{"line":41,"column":19},"end":{"line":41,"column":71}},"type":"cond-expr","locations":[{"start":{"line":41,"column":39},"end":{"line":41,"column":49}},{"start":{"line":41,"column":52},"end":{"line":41,"column":71}}],"line":41},"2":{"loc":{"start":{"line":43,"column":11},"end":{"line":43,"column":107}},"type":"cond-expr","locations":[{"start":{"line":43,"column":31},"end":{"line":43,"column":65}},{"start":{"line":43,"column":68},"end":{"line":43,"column":107}}],"line":43},"3":{"loc":{"start":{"line":45,"column":9},"end":{"line":52,"column":9}},"type":"binary-expr","locations":[{"start":{"line":45,"column":9},"end":{"line":45,"column":26}},{"start":{"line":46,"column":10},"end":{"line":51,"column":29}}],"line":45}},"s":{"0":10,"1":10,"2":10,"3":10,"4":3,"5":1,"6":1,"7":1,"8":1,"9":1,"10":1},"f":{"0":10,"1":3,"2":1,"3":1,"4":1},"b":{"0":[0,10],"1":[1,9],"2":[1,9],"3":[10,1]},"_coverageSchema":"1a1c01bbd47fc00a2c39e90264f33305004495a9","hash":"3b09e9c5139f5e1c5cd35018de06c74a3d7b72a4"}
,"C:\\Users\\facug\\Desktop\\Aplicaciones 1\\frontend\\front clonado\\FrontEnd_Grupo3_DesarrolloApps1\\src\\components\\Explorar\\CardItinerarioExplorar.styles.ts": {"path":"C:\\Users\\facug\\Desktop\\Aplicaciones 1\\frontend\\front clonado\\FrontEnd_Grupo3_DesarrolloApps1\\src\\components\\Explorar\\CardItinerarioExplorar.styles.ts","statementMap":{"0":{"start":{"line":6,"column":22},"end":{"line":96,"column":2}}},"fnMap":{},"branchMap":{},"s":{"0":1},"f":{},"b":{},"_coverageSchema":"1a1c01bbd47fc00a2c39e90264f33305004495a9","hash":"d4f9536dbeb6b0df712275c72135c432330b8c6e"}
,"C:\\Users\\facug\\Desktop\\Aplicaciones 1\\frontend\\front clonado\\FrontEnd_Grupo3_DesarrolloApps1\\src\\components\\Explorar\\CardItinerarioExplorar.tsx": {"path":"C:\\Users\\facug\\Desktop\\Aplicaciones 1\\frontend\\front clonado\\FrontEnd_Grupo3_DesarrolloApps1\\src\\components\\Explorar\\CardItinerarioExplorar.tsx","statementMap":{"0":{"start":{"line":40,"column":17},"end":{"line":40,"column":28}},"1":{"start":{"line":41,"column":33},"end":{"line":41,"column":43}},"2":{"start":{"line":42,"column":17},"end":{"line":42,"column":39}},"3":{"start":{"line":44,"column":43},"end":{"line":48,"column":3}},"4":{"start":{"line":50,"column":2},"end":{"line":127,"column":4}},"5":{"start":{"line":54,"column":21},"end":{"line":67,"column":8}}},"fnMap":{"0":{"name":"ExploreItineraryCard","decl":{"start":{"line":27,"column":16},"end":{"line":27,"column":36}},"loc":{"start":{"line":39,"column":10},"end":{"line":128,"column":1}},"line":39},"1":{"name":"(anonymous_1)","decl":{"start":{"line":54,"column":15},"end":{"line":54,"column":16}},"loc":{"start":{"line":54,"column":21},"end":{"line":67,"column":8}},"line":54}},"branchMap":{"0":{"loc":{"start":{"line":33,"column":2},"end":{"line":33,"column":14}},"type":"default-arg","locations":[{"start":{"line":33,"column":11},"end":{"line":33,"column":14}}],"line":33},"1":{"loc":{"start":{"line":37,"column":2},"end":{"line":37,"column":20}},"type":"default-arg","locations":[{"start":{"line":37,"column":15},"end":{"line":37,"column":20}}],"line":37},"2":{"loc":{"start":{"line":62,"column":21},"end":{"line":62,"column":36}},"type":"binary-expr","locations":[{"start":{"line":62,"column":21},"end":{"line":62,"column":30}},{"start":{"line":62,"column":34},"end":{"line":62,"column":36}}],"line":62},"3":{"loc":{"start":{"line":63,"column":19},"end":{"line":63,"column":32}},"type":"binary-expr","locations":[{"start":{"line":63,"column":19},"end":{"line":63,"column":26}},{"start":{"line":63,"column":30},"end":{"line":63,"column":32}}],"line":63},"4":{"loc":{"start":{"line":65,"column":22},"end":{"line":65,"column":62}},"type":"cond-expr","locations":[{"start":{"line":65,"column":44},"end":{"line":65,"column":57}},{"start":{"line":65,"column":60},"end":{"line":65,"column":62}}],"line":65},"5":{"loc":{"start":{"line":84,"column":31},"end":{"line":84,"column":68}},"type":"cond-expr","locations":[{"start":{"line":84,"column":40},"end":{"line":84,"column":56}},{"start":{"line":84,"column":59},"end":{"line":84,"column":68}}],"line":84},"6":{"loc":{"start":{"line":86,"column":27},"end":{"line":86,"column":41}},"type":"cond-expr","locations":[{"start":{"line":86,"column":36},"end":{"line":86,"column":37}},{"start":{"line":86,"column":40},"end":{"line":86,"column":41}}],"line":86},"7":{"loc":{"start":{"line":106,"column":63},"end":{"line":106,"column":106}},"type":"cond-expr","locations":[{"start":{"line":106,"column":72},"end":{"line":106,"column":94}},{"start":{"line":106,"column":97},"end":{"line":106,"column":106}}],"line":106},"8":{"loc":{"start":{"line":118,"column":9},"end":{"line":123,"column":9}},"type":"binary-expr","locations":[{"start":{"line":118,"column":9},"end":{"line":118,"column":17}},{"start":{"line":119,"column":10},"end":{"line":122,"column":17}}],"line":118},"9":{"loc":{"start":{"line":120,"column":77},"end":{"line":120,"column":117}},"type":"cond-expr","locations":[{"start":{"line":120,"column":86},"end":{"line":120,"column":105}},{"start":{"line":120,"column":108},"end":{"line":120,"column":117}}],"line":120}},"s":{"0":4,"1":4,"2":4,"3":4,"4":4,"5":2},"f":{"0":4,"1":2},"b":{"0":[1],"1":[1],"2":[2,1],"3":[2,1],"4":[0,2],"5":[0,4],"6":[0,4],"7":[0,4],"8":[4,3],"9":[0,3]},"_coverageSchema":"1a1c01bbd47fc00a2c39e90264f33305004495a9","hash":"a6aab053818b2629c998a9fbe1bcf5b948a0d9a8"}
,"C:\\Users\\facug\\Desktop\\Aplicaciones 1\\frontend\\front clonado\\FrontEnd_Grupo3_DesarrolloApps1\\src\\components\\Explorar\\CardItinerarioInfo.styles.ts": {"path":"C:\\Users\\facug\\Desktop\\Aplicaciones 1\\frontend\\front clonado\\FrontEnd_Grupo3_DesarrolloApps1\\src\\components\\Explorar\\CardItinerarioInfo.styles.ts","statementMap":{"0":{"start":{"line":6,"column":22},"end":{"line":74,"column":2}}},"fnMap":{},"branchMap":{},"s":{"0":2},"f":{},"b":{},"_coverageSchema":"1a1c01bbd47fc00a2c39e90264f33305004495a9","hash":"471784f549adc34bb1347ca1a2a22cb4de1a22ca"}
,"C:\\Users\\facug\\Desktop\\Aplicaciones 1\\frontend\\front clonado\\FrontEnd_Grupo3_DesarrolloApps1\\src\\components\\Explorar\\CardItinerarioInfo.tsx": {"path":"C:\\Users\\facug\\Desktop\\Aplicaciones 1\\frontend\\front clonado\\FrontEnd_Grupo3_DesarrolloApps1\\src\\components\\Explorar\\CardItinerarioInfo.tsx","statementMap":{"0":{"start":{"line":44,"column":33},"end":{"line":44,"column":43}},"1":{"start":{"line":45,"column":17},"end":{"line":45,"column":39}},"2":{"start":{"line":47,"column":58},"end":{"line":51,"column":3}},"3":{"start":{"line":53,"column":28},"end":{"line":55,"column":30}},"4":{"start":{"line":57,"column":2},"end":{"line":138,"column":4}}},"fnMap":{"0":{"name":"ItineraryInfoCard","decl":{"start":{"line":29,"column":16},"end":{"line":29,"column":33}},"loc":{"start":{"line":43,"column":10},"end":{"line":139,"column":1}},"line":43}},"branchMap":{"0":{"loc":{"start":{"line":31,"column":2},"end":{"line":31,"column":24}},"type":"default-arg","locations":[{"start":{"line":31,"column":10},"end":{"line":31,"column":24}}],"line":31},"1":{"loc":{"start":{"line":32,"column":2},"end":{"line":32,"column":22}},"type":"default-arg","locations":[{"start":{"line":32,"column":13},"end":{"line":32,"column":22}}],"line":32},"2":{"loc":{"start":{"line":36,"column":2},"end":{"line":36,"column":136}},"type":"default-arg","locations":[{"start":{"line":36,"column":16},"end":{"line":36,"column":136}}],"line":36},"3":{"loc":{"start":{"line":38,"column":2},"end":{"line":38,"column":20}},"type":"default-arg","locations":[{"start":{"line":38,"column":15},"end":{"line":38,"column":20}}],"line":38},"4":{"loc":{"start":{"line":53,"column":28},"end":{"line":55,"column":30}},"type":"binary-expr","locations":[{"start":{"line":53,"column":28},"end":{"line":53,"column":37}},{"start":{"line":53,"column":42},"end":{"line":55,"column":29}}],"line":53},"5":{"loc":{"start":{"line":53,"column":42},"end":{"line":55,"column":29}},"type":"cond-expr","locations":[{"start":{"line":54,"column":6},"end":{"line":54,"column":41}},{"start":{"line":55,"column":6},"end":{"line":55,"column":29}}],"line":53},"6":{"loc":{"start":{"line":53,"column":42},"end":{"line":53,"column":62}},"type":"binary-expr","locations":[{"start":{"line":53,"column":42},"end":{"line":53,"column":51}},{"start":{"line":53,"column":55},"end":{"line":53,"column":62}}],"line":53},"7":{"loc":{"start":{"line":62,"column":9},"end":{"line":66,"column":9}},"type":"cond-expr","locations":[{"start":{"line":63,"column":10},"end":{"line":63,"column":100}},{"start":{"line":65,"column":10},"end":{"line":65,"column":91}}],"line":62},"8":{"loc":{"start":{"line":77,"column":35},"end":{"line":77,"column":72}},"type":"cond-expr","locations":[{"start":{"line":77,"column":44},"end":{"line":77,"column":60}},{"start":{"line":77,"column":63},"end":{"line":77,"column":72}}],"line":77},"9":{"loc":{"start":{"line":79,"column":31},"end":{"line":79,"column":45}},"type":"cond-expr","locations":[{"start":{"line":79,"column":40},"end":{"line":79,"column":41}},{"start":{"line":79,"column":44},"end":{"line":79,"column":45}}],"line":79},"10":{"loc":{"start":{"line":93,"column":35},"end":{"line":93,"column":72}},"type":"cond-expr","locations":[{"start":{"line":93,"column":44},"end":{"line":93,"column":60}},{"start":{"line":93,"column":63},"end":{"line":93,"column":72}}],"line":93},"11":{"loc":{"start":{"line":95,"column":31},"end":{"line":95,"column":45}},"type":"cond-expr","locations":[{"start":{"line":95,"column":40},"end":{"line":95,"column":41}},{"start":{"line":95,"column":44},"end":{"line":95,"column":45}}],"line":95},"12":{"loc":{"start":{"line":114,"column":15},"end":{"line":127,"column":15}},"type":"binary-expr","locations":[{"start":{"line":114,"column":16},"end":{"line":114,"column":27}},{"start":{"line":114,"column":31},"end":{"line":114,"column":46}},{"start":{"line":115,"column":16},"end":{"line":126,"column":23}}],"line":114},"13":{"loc":{"start":{"line":116,"column":19},"end":{"line":120,"column":19}},"type":"binary-expr","locations":[{"start":{"line":116,"column":19},"end":{"line":116,"column":34}},{"start":{"line":117,"column":20},"end":{"line":119,"column":39}}],"line":116},"14":{"loc":{"start":{"line":121,"column":19},"end":{"line":125,"column":19}},"type":"binary-expr","locations":[{"start":{"line":121,"column":19},"end":{"line":121,"column":30}},{"start":{"line":122,"column":20},"end":{"line":124,"column":39}}],"line":121}},"s":{"0":12,"1":12,"2":12,"3":12,"4":12},"f":{"0":12},"b":{"0":[0],"1":[3],"2":[3],"3":[0],"4":[12,10],"5":[1,9],"6":[10,1],"7":[7,5],"8":[0,12],"9":[0,12],"10":[0,12],"11":[0,12],"12":[12,3,9],"13":[9,9],"14":[9,9]},"_coverageSchema":"1a1c01bbd47fc00a2c39e90264f33305004495a9","hash":"d77efb77db52508576b54c952301a4291c6c3afc"}
,"C:\\Users\\facug\\Desktop\\Aplicaciones 1\\frontend\\front clonado\\FrontEnd_Grupo3_DesarrolloApps1\\src\\components\\Explorar\\FiltroCategoriasCarrusel.styles.ts": {"path":"C:\\Users\\facug\\Desktop\\Aplicaciones 1\\frontend\\front clonado\\FrontEnd_Grupo3_DesarrolloApps1\\src\\components\\Explorar\\FiltroCategoriasCarrusel.styles.ts","statementMap":{"0":{"start":{"line":6,"column":22},"end":{"line":38,"column":2}}},"fnMap":{},"branchMap":{},"s":{"0":1},"f":{},"b":{},"_coverageSchema":"1a1c01bbd47fc00a2c39e90264f33305004495a9","hash":"23b76f3fea9495f0a13c47859e2d7ada704859fc"}
,"C:\\Users\\facug\\Desktop\\Aplicaciones 1\\frontend\\front clonado\\FrontEnd_Grupo3_DesarrolloApps1\\src\\components\\Explorar\\FiltroCategoriasCarrusel.tsx": {"path":"C:\\Users\\facug\\Desktop\\Aplicaciones 1\\frontend\\front clonado\\FrontEnd_Grupo3_DesarrolloApps1\\src\\components\\Explorar\\FiltroCategoriasCarrusel.tsx","statementMap":{"0":{"start":{"line":11,"column":19},"end":{"line":18,"column":1}},"1":{"start":{"line":26,"column":20},"end":{"line":26,"column":30}},"2":{"start":{"line":28,"column":2},"end":{"line":58,"column":4}},"3":{"start":{"line":34,"column":29},"end":{"line":34,"column":68}},"4":{"start":{"line":35,"column":10},"end":{"line":54,"column":12}},"5":{"start":{"line":39,"column":16},"end":{"line":39,"column":78}}},"fnMap":{"0":{"name":"CategoriesCarousel","decl":{"start":{"line":25,"column":16},"end":{"line":25,"column":34}},"loc":{"start":{"line":25,"column":100},"end":{"line":59,"column":1}},"line":25},"1":{"name":"(anonymous_1)","decl":{"start":{"line":33,"column":24},"end":{"line":33,"column":25}},"loc":{"start":{"line":33,"column":38},"end":{"line":55,"column":9}},"line":33},"2":{"name":"(anonymous_2)","decl":{"start":{"line":38,"column":23},"end":{"line":38,"column":24}},"loc":{"start":{"line":38,"column":29},"end":{"line":40,"column":15}},"line":38}},"branchMap":{"0":{"loc":{"start":{"line":13,"column":151},"end":{"line":13,"column":182}},"type":"binary-expr","locations":[{"start":{"line":13,"column":151},"end":{"line":13,"column":164}},{"start":{"line":13,"column":168},"end":{"line":13,"column":182}}],"line":13},"1":{"loc":{"start":{"line":39,"column":33},"end":{"line":39,"column":76}},"type":"cond-expr","locations":[{"start":{"line":39,"column":46},"end":{"line":39,"column":55}},{"start":{"line":39,"column":58},"end":{"line":39,"column":76}}],"line":39},"2":{"loc":{"start":{"line":44,"column":35},"end":{"line":44,"column":84}},"type":"cond-expr","locations":[{"start":{"line":44,"column":48},"end":{"line":44,"column":68}},{"start":{"line":44,"column":71},"end":{"line":44,"column":84}}],"line":44},"3":{"loc":{"start":{"line":45,"column":31},"end":{"line":45,"column":72}},"type":"cond-expr","locations":[{"start":{"line":45,"column":44},"end":{"line":45,"column":57}},{"start":{"line":45,"column":60},"end":{"line":45,"column":72}}],"line":45},"4":{"loc":{"start":{"line":50,"column":59},"end":{"line":50,"column":98}},"type":"cond-expr","locations":[{"start":{"line":50,"column":72},"end":{"line":50,"column":85}},{"start":{"line":50,"column":88},"end":{"line":50,"column":98}}],"line":50}},"s":{"0":1,"1":3,"2":3,"3":18,"4":18,"5":2},"f":{"0":3,"1":18,"2":2},"b":{"0":[1,0],"1":[1,1],"2":[1,17],"3":[1,17],"4":[1,17]},"_coverageSchema":"1a1c01bbd47fc00a2c39e90264f33305004495a9","hash":"4e9c929e0a56abb9e44d00e7a319a4790b163379"}
,"C:\\Users\\facug\\Desktop\\Aplicaciones 1\\frontend\\front clonado\\FrontEnd_Grupo3_DesarrolloApps1\\src\\components\\Preferencias\\ProvinciaSelector.tsx": {"path":"C:\\Users\\facug\\Desktop\\Aplicaciones 1\\frontend\\front clonado\\FrontEnd_Grupo3_DesarrolloApps1\\src\\components\\Preferencias\\ProvinciaSelector.tsx","statementMap":{"0":{"start":{"line":22,"column":14},"end":{"line":22,"column":53}},"1":{"start":{"line":26,"column":2},"end":{"line":26,"column":43}},"2":{"start":{"line":31,"column":30},"end":{"line":31,"column":42}},"3":{"start":{"line":33,"column":19},"end":{"line":37,"column":11}},"4":{"start":{"line":35,"column":6},"end":{"line":35,"column":69}},"5":{"start":{"line":39,"column":22},"end":{"line":42,"column":3}},"6":{"start":{"line":40,"column":4},"end":{"line":40,"column":18}},"7":{"start":{"line":41,"column":4},"end":{"line":41,"column":14}},"8":{"start":{"line":44,"column":23},"end":{"line":48,"column":3}},"9":{"start":{"line":45,"column":4},"end":{"line":45,"column":18}},"10":{"start":{"line":46,"column":4},"end":{"line":46,"column":24}},"11":{"start":{"line":47,"column":4},"end":{"line":47,"column":14}},"12":{"start":{"line":50,"column":2},"end":{"line":102,"column":4}},"13":{"start":{"line":72,"column":47},"end":{"line":72,"column":60}},"14":{"start":{"line":80,"column":36},"end":{"line":80,"column":40}},"15":{"start":{"line":83,"column":33},"end":{"line":83,"column":50}},"16":{"start":{"line":84,"column":14},"end":{"line":95,"column":16}},"17":{"start":{"line":87,"column":33},"end":{"line":87,"column":51}},"18":{"start":{"line":105,"column":15},"end":{"line":174,"column":2}}},"fnMap":{"0":{"name":"ListSeparator","decl":{"start":{"line":25,"column":9},"end":{"line":25,"column":22}},"loc":{"start":{"line":25,"column":25},"end":{"line":27,"column":1}},"line":25},"1":{"name":"ProvinciaSelector","decl":{"start":{"line":30,"column":16},"end":{"line":30,"column":33}},"loc":{"start":{"line":30,"column":93},"end":{"line":103,"column":1}},"line":30},"2":{"name":"(anonymous_2)","decl":{"start":{"line":34,"column":19},"end":{"line":34,"column":20}},"loc":{"start":{"line":35,"column":6},"end":{"line":35,"column":69}},"line":35},"3":{"name":"(anonymous_3)","decl":{"start":{"line":39,"column":22},"end":{"line":39,"column":23}},"loc":{"start":{"line":39,"column":28},"end":{"line":42,"column":3}},"line":39},"4":{"name":"(anonymous_4)","decl":{"start":{"line":44,"column":23},"end":{"line":44,"column":24}},"loc":{"start":{"line":44,"column":49},"end":{"line":48,"column":3}},"line":44},"5":{"name":"(anonymous_5)","decl":{"start":{"line":72,"column":41},"end":{"line":72,"column":42}},"loc":{"start":{"line":72,"column":47},"end":{"line":72,"column":60}},"line":72},"6":{"name":"(anonymous_6)","decl":{"start":{"line":80,"column":26},"end":{"line":80,"column":27}},"loc":{"start":{"line":80,"column":36},"end":{"line":80,"column":40}},"line":80},"7":{"name":"(anonymous_7)","decl":{"start":{"line":82,"column":24},"end":{"line":82,"column":25}},"loc":{"start":{"line":82,"column":38},"end":{"line":96,"column":13}},"line":82},"8":{"name":"(anonymous_8)","decl":{"start":{"line":87,"column":27},"end":{"line":87,"column":28}},"loc":{"start":{"line":87,"column":33},"end":{"line":87,"column":51}},"line":87}},"branchMap":{"0":{"loc":{"start":{"line":33,"column":19},"end":{"line":37,"column":11}},"type":"cond-expr","locations":[{"start":{"line":34,"column":6},"end":{"line":36,"column":5}},{"start":{"line":37,"column":6},"end":{"line":37,"column":11}}],"line":33},"1":{"loc":{"start":{"line":71,"column":13},"end":{"line":75,"column":13}},"type":"binary-expr","locations":[{"start":{"line":71,"column":13},"end":{"line":71,"column":30}},{"start":{"line":72,"column":14},"end":{"line":74,"column":33}}],"line":71},"2":{"loc":{"start":{"line":86,"column":39},"end":{"line":86,"column":72}},"type":"binary-expr","locations":[{"start":{"line":86,"column":39},"end":{"line":86,"column":49}},{"start":{"line":86,"column":53},"end":{"line":86,"column":72}}],"line":86},"3":{"loc":{"start":{"line":90,"column":49},"end":{"line":90,"column":86}},"type":"binary-expr","locations":[{"start":{"line":90,"column":49},"end":{"line":90,"column":59}},{"start":{"line":90,"column":63},"end":{"line":90,"column":86}}],"line":90},"4":{"loc":{"start":{"line":93,"column":19},"end":{"line":93,"column":88}},"type":"binary-expr","locations":[{"start":{"line":93,"column":19},"end":{"line":93,"column":29}},{"start":{"line":93,"column":33},"end":{"line":93,"column":88}}],"line":93}},"s":{"0":1,"1":207,"2":11,"3":11,"4":48,"5":11,"6":2,"7":2,"8":11,"9":1,"10":1,"11":1,"12":11,"13":1,"14":218,"15":218,"16":218,"17":1,"18":1},"f":{"0":207,"1":11,"2":48,"3":2,"4":1,"5":1,"6":218,"7":218,"8":1},"b":{"0":[2,9],"1":[11,2],"2":[218,1],"3":[218,1],"4":[218,1]},"_coverageSchema":"1a1c01bbd47fc00a2c39e90264f33305004495a9","hash":"3e5b64b20ceed1c14350c9b86d065ae7bdbaf6ea"}
}
