{"C:\\Users\\facug\\Desktop\\Aplicaciones 1\\frontend\\front clonado\\FrontEnd_Grupo3_DesarrolloApps1\\src\\components\\favorites\\CardItinerarioInfoFav.tsx": {"path":"C:\\Users\\facug\\Desktop\\Aplicaciones 1\\frontend\\front clonado\\FrontEnd_Grupo3_DesarrolloApps1\\src\\components\\favorites\\CardItinerarioInfoFav.tsx","statementMap":{"0":{"start":{"line":31,"column":4},"end":{"line":45,"column":6}}},"fnMap":{"0":{"name":"CardItinerarioInfoFav","decl":{"start":{"line":18,"column":16},"end":{"line":18,"column":37}},"loc":{"start":{"line":30,"column":10},"end":{"line":46,"column":1}},"line":30}},"branchMap":{"0":{"loc":{"start":{"line":28,"column":4},"end":{"line":28,"column":21}},"type":"default-arg","locations":[{"start":{"line":28,"column":17},"end":{"line":28,"column":21}}],"line":28}},"s":{"0":4},"f":{"0":4},"b":{"0":[3]},"_coverageSchema":"1a1c01bbd47fc00a2c39e90264f33305004495a9","hash":"297d63a581ab90f2121b6132badb82341893e029"}
,"C:\\Users\\facug\\Desktop\\Aplicaciones 1\\frontend\\front clonado\\FrontEnd_Grupo3_DesarrolloApps1\\src\\components\\favorites\\editActivityFormulary\\EditActivityFormulary.tsx": {"path":"C:\\Users\\facug\\Desktop\\Aplicaciones 1\\frontend\\front clonado\\FrontEnd_Grupo3_DesarrolloApps1\\src\\components\\favorites\\editActivityFormulary\\EditActivityFormulary.tsx","statementMap":{"0":{"start":{"line":23,"column":75},"end":{"line":241,"column":1}},"1":{"start":{"line":29,"column":28},"end":{"line":29,"column":57}},"2":{"start":{"line":30,"column":40},"end":{"line":30,"column":75}},"3":{"start":{"line":31,"column":26},"end":{"line":31,"column":66}},"4":{"start":{"line":32,"column":34},"end":{"line":32,"column":66}},"5":{"start":{"line":33,"column":24},"end":{"line":33,"column":56}},"6":{"start":{"line":34,"column":36},"end":{"line":34,"column":65}},"7":{"start":{"line":36,"column":20},"end":{"line":36,"column":30}},"8":{"start":{"line":38,"column":22},"end":{"line":41,"column":3}},"9":{"start":{"line":39,"column":18},"end":{"line":39,"column":52}},"10":{"start":{"line":40,"column":4},"end":{"line":40,"column":25}},"11":{"start":{"line":43,"column":27},"end":{"line":97,"column":3}},"12":{"start":{"line":45,"column":4},"end":{"line":54,"column":5}},"13":{"start":{"line":46,"column":22},"end":{"line":46,"column":39}},"14":{"start":{"line":47,"column":6},"end":{"line":47,"column":23}},"15":{"start":{"line":48,"column":6},"end":{"line":52,"column":7}},"16":{"start":{"line":49,"column":8},"end":{"line":49,"column":49}},"17":{"start":{"line":51,"column":8},"end":{"line":51,"column":27}},"18":{"start":{"line":53,"column":6},"end":{"line":53,"column":13}},"19":{"start":{"line":56,"column":20},"end":{"line":56,"column":47}},"20":{"start":{"line":57,"column":20},"end":{"line":57,"column":27}},"21":{"start":{"line":59,"column":4},"end":{"line":87,"column":5}},"22":{"start":{"line":60,"column":17},"end":{"line":60,"column":36}},"23":{"start":{"line":61,"column":17},"end":{"line":61,"column":36}},"24":{"start":{"line":63,"column":18},"end":{"line":63,"column":34}},"25":{"start":{"line":64,"column":6},"end":{"line":64,"column":33}},"26":{"start":{"line":64,"column":22},"end":{"line":64,"column":33}},"27":{"start":{"line":65,"column":26},"end":{"line":65,"column":59}},"28":{"start":{"line":67,"column":24},"end":{"line":67,"column":26}},"29":{"start":{"line":68,"column":6},"end":{"line":75,"column":7}},"30":{"start":{"line":69,"column":20},"end":{"line":69,"column":36}},"31":{"start":{"line":70,"column":8},"end":{"line":74,"column":9}},"32":{"start":{"line":71,"column":10},"end":{"line":71,"column":29}},"33":{"start":{"line":73,"column":10},"end":{"line":73,"column":27}},"34":{"start":{"line":77,"column":6},"end":{"line":77,"column":50}},"35":{"start":{"line":78,"column":11},"end":{"line":87,"column":5}},"36":{"start":{"line":79,"column":18},"end":{"line":79,"column":39}},"37":{"start":{"line":80,"column":6},"end":{"line":84,"column":7}},"38":{"start":{"line":81,"column":8},"end":{"line":81,"column":25}},"39":{"start":{"line":83,"column":8},"end":{"line":83,"column":28}},"40":{"start":{"line":85,"column":11},"end":{"line":87,"column":5}},"41":{"start":{"line":86,"column":6},"end":{"line":86,"column":26}},"42":{"start":{"line":89,"column":4},"end":{"line":89,"column":23}},"43":{"start":{"line":92,"column":4},"end":{"line":96,"column":5}},"44":{"start":{"line":93,"column":6},"end":{"line":93,"column":47}},"45":{"start":{"line":95,"column":6},"end":{"line":95,"column":25}},"46":{"start":{"line":99,"column":21},"end":{"line":120,"column":3}},"47":{"start":{"line":100,"column":4},"end":{"line":103,"column":5}},"48":{"start":{"line":101,"column":6},"end":{"line":101,"column":89}},"49":{"start":{"line":102,"column":6},"end":{"line":102,"column":13}},"50":{"start":{"line":104,"column":4},"end":{"line":107,"column":5}},"51":{"start":{"line":105,"column":6},"end":{"line":105,"column":85}},"52":{"start":{"line":106,"column":6},"end":{"line":106,"column":13}},"53":{"start":{"line":108,"column":4},"end":{"line":112,"column":5}},"54":{"start":{"line":109,"column":6},"end":{"line":109,"column":47}},"55":{"start":{"line":110,"column":6},"end":{"line":110,"column":105}},"56":{"start":{"line":111,"column":6},"end":{"line":111,"column":13}},"57":{"start":{"line":113,"column":4},"end":{"line":119,"column":7}},"58":{"start":{"line":122,"column":2},"end":{"line":240,"column":4}},"59":{"start":{"line":138,"column":62},"end":{"line":138,"column":67}},"60":{"start":{"line":139,"column":35},"end":{"line":139,"column":44}},"61":{"start":{"line":140,"column":16},"end":{"line":163,"column":18}},"62":{"start":{"line":143,"column":35},"end":{"line":143,"column":44}},"63":{"start":{"line":144,"column":44},"end":{"line":150,"column":21}},"64":{"start":{"line":214,"column":36},"end":{"line":218,"column":13}},"65":{"start":{"line":227,"column":36},"end":{"line":231,"column":13}}},"fnMap":{"0":{"name":"(anonymous_0)","decl":{"start":{"line":23,"column":75},"end":{"line":23,"column":76}},"loc":{"start":{"line":28,"column":6},"end":{"line":241,"column":1}},"line":28},"1":{"name":"(anonymous_1)","decl":{"start":{"line":38,"column":22},"end":{"line":38,"column":23}},"loc":{"start":{"line":38,"column":37},"end":{"line":41,"column":3}},"line":38},"2":{"name":"(anonymous_2)","decl":{"start":{"line":43,"column":27},"end":{"line":43,"column":28}},"loc":{"start":{"line":43,"column":45},"end":{"line":97,"column":3}},"line":43},"3":{"name":"(anonymous_3)","decl":{"start":{"line":99,"column":21},"end":{"line":99,"column":22}},"loc":{"start":{"line":99,"column":27},"end":{"line":120,"column":3}},"line":99},"4":{"name":"(anonymous_4)","decl":{"start":{"line":138,"column":52},"end":{"line":138,"column":53}},"loc":{"start":{"line":138,"column":62},"end":{"line":138,"column":67}},"line":138},"5":{"name":"(anonymous_5)","decl":{"start":{"line":138,"column":73},"end":{"line":138,"column":74}},"loc":{"start":{"line":138,"column":80},"end":{"line":164,"column":15}},"line":138},"6":{"name":"(anonymous_6)","decl":{"start":{"line":143,"column":29},"end":{"line":143,"column":30}},"loc":{"start":{"line":143,"column":35},"end":{"line":143,"column":44}},"line":143},"7":{"name":"(anonymous_7)","decl":{"start":{"line":144,"column":27},"end":{"line":144,"column":28}},"loc":{"start":{"line":144,"column":44},"end":{"line":150,"column":21}},"line":144},"8":{"name":"(anonymous_8)","decl":{"start":{"line":214,"column":19},"end":{"line":214,"column":20}},"loc":{"start":{"line":214,"column":36},"end":{"line":218,"column":13}},"line":214},"9":{"name":"(anonymous_9)","decl":{"start":{"line":227,"column":19},"end":{"line":227,"column":20}},"loc":{"start":{"line":227,"column":36},"end":{"line":231,"column":13}},"line":227}},"branchMap":{"0":{"loc":{"start":{"line":33,"column":33},"end":{"line":33,"column":55}},"type":"binary-expr","locations":[{"start":{"line":33,"column":33},"end":{"line":33,"column":50}},{"start":{"line":33,"column":54},"end":{"line":33,"column":55}}],"line":33},"1":{"loc":{"start":{"line":45,"column":4},"end":{"line":54,"column":5}},"type":"if","locations":[{"start":{"line":45,"column":4},"end":{"line":54,"column":5}},{"start":{},"end":{}}],"line":45},"2":{"loc":{"start":{"line":45,"column":8},"end":{"line":45,"column":61}},"type":"binary-expr","locations":[{"start":{"line":45,"column":8},"end":{"line":45,"column":26}},{"start":{"line":45,"column":30},"end":{"line":45,"column":61}}],"line":45},"3":{"loc":{"start":{"line":48,"column":6},"end":{"line":52,"column":7}},"type":"if","locations":[{"start":{"line":48,"column":6},"end":{"line":52,"column":7}},{"start":{"line":50,"column":13},"end":{"line":52,"column":7}}],"line":48},"4":{"loc":{"start":{"line":48,"column":10},"end":{"line":48,"column":53}},"type":"binary-expr","locations":[{"start":{"line":48,"column":10},"end":{"line":48,"column":28}},{"start":{"line":48,"column":32},"end":{"line":48,"column":53}}],"line":48},"5":{"loc":{"start":{"line":59,"column":4},"end":{"line":87,"column":5}},"type":"if","locations":[{"start":{"line":59,"column":4},"end":{"line":87,"column":5}},{"start":{"line":78,"column":11},"end":{"line":87,"column":5}}],"line":59},"6":{"loc":{"start":{"line":64,"column":6},"end":{"line":64,"column":33}},"type":"if","locations":[{"start":{"line":64,"column":6},"end":{"line":64,"column":33}},{"start":{},"end":{}}],"line":64},"7":{"loc":{"start":{"line":68,"column":6},"end":{"line":75,"column":7}},"type":"if","locations":[{"start":{"line":68,"column":6},"end":{"line":75,"column":7}},{"start":{},"end":{}}],"line":68},"8":{"loc":{"start":{"line":70,"column":8},"end":{"line":74,"column":9}},"type":"if","locations":[{"start":{"line":70,"column":8},"end":{"line":74,"column":9}},{"start":{"line":72,"column":15},"end":{"line":74,"column":9}}],"line":70},"9":{"loc":{"start":{"line":78,"column":11},"end":{"line":87,"column":5}},"type":"if","locations":[{"start":{"line":78,"column":11},"end":{"line":87,"column":5}},{"start":{"line":85,"column":11},"end":{"line":87,"column":5}}],"line":78},"10":{"loc":{"start":{"line":80,"column":6},"end":{"line":84,"column":7}},"type":"if","locations":[{"start":{"line":80,"column":6},"end":{"line":84,"column":7}},{"start":{"line":82,"column":13},"end":{"line":84,"column":7}}],"line":80},"11":{"loc":{"start":{"line":85,"column":11},"end":{"line":87,"column":5}},"type":"if","locations":[{"start":{"line":85,"column":11},"end":{"line":87,"column":5}},{"start":{},"end":{}}],"line":85},"12":{"loc":{"start":{"line":92,"column":4},"end":{"line":96,"column":5}},"type":"if","locations":[{"start":{"line":92,"column":4},"end":{"line":96,"column":5}},{"start":{"line":94,"column":11},"end":{"line":96,"column":5}}],"line":92},"13":{"loc":{"start":{"line":92,"column":8},"end":{"line":92,"column":55}},"type":"binary-expr","locations":[{"start":{"line":92,"column":8},"end":{"line":92,"column":28}},{"start":{"line":92,"column":32},"end":{"line":92,"column":55}}],"line":92},"14":{"loc":{"start":{"line":100,"column":4},"end":{"line":103,"column":5}},"type":"if","locations":[{"start":{"line":100,"column":4},"end":{"line":103,"column":5}},{"start":{},"end":{}}],"line":100},"15":{"loc":{"start":{"line":104,"column":4},"end":{"line":107,"column":5}},"type":"if","locations":[{"start":{"line":104,"column":4},"end":{"line":107,"column":5}},{"start":{},"end":{}}],"line":104},"16":{"loc":{"start":{"line":108,"column":4},"end":{"line":112,"column":5}},"type":"if","locations":[{"start":{"line":108,"column":4},"end":{"line":112,"column":5}},{"start":{},"end":{}}],"line":108},"17":{"loc":{"start":{"line":124,"column":16},"end":{"line":124,"column":61}},"type":"cond-expr","locations":[{"start":{"line":124,"column":40},"end":{"line":124,"column":49}},{"start":{"line":124,"column":52},"end":{"line":124,"column":61}}],"line":124},"18":{"loc":{"start":{"line":146,"column":22},"end":{"line":148,"column":94}},"type":"cond-expr","locations":[{"start":{"line":147,"column":26},"end":{"line":147,"column":88}},{"start":{"line":148,"column":26},"end":{"line":148,"column":94}}],"line":146},"19":{"loc":{"start":{"line":149,"column":22},"end":{"line":149,"column":52}},"type":"binary-expr","locations":[{"start":{"line":149,"column":22},"end":{"line":149,"column":29}},{"start":{"line":149,"column":33},"end":{"line":149,"column":52}}],"line":149},"20":{"loc":{"start":{"line":157,"column":33},"end":{"line":157,"column":76}},"type":"cond-expr","locations":[{"start":{"line":157,"column":46},"end":{"line":157,"column":63}},{"start":{"line":157,"column":66},"end":{"line":157,"column":76}}],"line":157},"21":{"loc":{"start":{"line":197,"column":13},"end":{"line":201,"column":20}},"type":"cond-expr","locations":[{"start":{"line":198,"column":14},"end":{"line":200,"column":21}},{"start":{"line":201,"column":16},"end":{"line":201,"column":20}}],"line":197},"22":{"loc":{"start":{"line":217,"column":14},"end":{"line":217,"column":44}},"type":"binary-expr","locations":[{"start":{"line":217,"column":14},"end":{"line":217,"column":21}},{"start":{"line":217,"column":25},"end":{"line":217,"column":44}}],"line":217},"23":{"loc":{"start":{"line":230,"column":14},"end":{"line":230,"column":44}},"type":"binary-expr","locations":[{"start":{"line":230,"column":14},"end":{"line":230,"column":21}},{"start":{"line":230,"column":25},"end":{"line":230,"column":44}}],"line":230}},"s":{"0":1,"1":20,"2":20,"3":20,"4":20,"5":20,"6":20,"7":20,"8":20,"9":9,"10":9,"11":20,"12":8,"13":0,"14":0,"15":0,"16":0,"17":0,"18":0,"19":8,"20":8,"21":8,"22":4,"23":4,"24":4,"25":4,"26":0,"27":4,"28":4,"29":4,"30":4,"31":4,"32":1,"33":3,"34":4,"35":4,"36":2,"37":2,"38":1,"39":1,"40":2,"41":1,"42":8,"43":8,"44":5,"45":3,"46":20,"47":4,"48":1,"49":1,"50":3,"51":1,"52":1,"53":2,"54":1,"55":1,"56":1,"57":1,"58":20,"59":60,"60":60,"61":60,"62":1,"63":57,"64":19,"65":19},"f":{"0":20,"1":9,"2":8,"3":4,"4":60,"5":60,"6":1,"7":57,"8":19,"9":19},"b":{"0":[20,0],"1":[0,8],"2":[8,0],"3":[0,0],"4":[0,0],"5":[4,4],"6":[0,4],"7":[4,0],"8":[1,3],"9":[2,2],"10":[1,1],"11":[1,1],"12":[5,3],"13":[8,7],"14":[1,3],"15":[1,2],"16":[1,1],"17":[20,0],"18":[19,38],"19":[57,0],"20":[20,40],"21":[6,14],"22":[19,0],"23":[19,0]},"_coverageSchema":"1a1c01bbd47fc00a2c39e90264f33305004495a9","hash":"8ec06c16ce9c31edd7ac5e6d2c53a5da0a6522ee"}
,"C:\\Users\\facug\\Desktop\\Aplicaciones 1\\frontend\\front clonado\\FrontEnd_Grupo3_DesarrolloApps1\\src\\components\\favorites\\favorite_principal\\EmptyState\\EmptyState.tsx": {"path":"C:\\Users\\facug\\Desktop\\Aplicaciones 1\\frontend\\front clonado\\FrontEnd_Grupo3_DesarrolloApps1\\src\\components\\favorites\\favorite_principal\\EmptyState\\EmptyState.tsx","statementMap":{"0":{"start":{"line":20,"column":53},"end":{"line":64,"column":1}},"1":{"start":{"line":26,"column":33},"end":{"line":26,"column":43}},"2":{"start":{"line":27,"column":17},"end":{"line":27,"column":39}},"3":{"start":{"line":29,"column":2},"end":{"line":63,"column":4}},"4":{"start":{"line":47,"column":32},"end":{"line":51,"column":9}}},"fnMap":{"0":{"name":"(anonymous_0)","decl":{"start":{"line":20,"column":53},"end":{"line":20,"column":54}},"loc":{"start":{"line":25,"column":6},"end":{"line":64,"column":1}},"line":25},"1":{"name":"(anonymous_1)","decl":{"start":{"line":47,"column":15},"end":{"line":47,"column":16}},"loc":{"start":{"line":47,"column":32},"end":{"line":51,"column":9}},"line":47}},"branchMap":{"0":{"loc":{"start":{"line":50,"column":10},"end":{"line":50,"column":40}},"type":"binary-expr","locations":[{"start":{"line":50,"column":10},"end":{"line":50,"column":17}},{"start":{"line":50,"column":21},"end":{"line":50,"column":40}}],"line":50},"1":{"loc":{"start":{"line":58,"column":17},"end":{"line":58,"column":52}},"type":"cond-expr","locations":[{"start":{"line":58,"column":26},"end":{"line":58,"column":37}},{"start":{"line":58,"column":40},"end":{"line":58,"column":52}}],"line":58},"2":{"loc":{"start":{"line":60,"column":50},"end":{"line":60,"column":85}},"type":"cond-expr","locations":[{"start":{"line":60,"column":59},"end":{"line":60,"column":70}},{"start":{"line":60,"column":73},"end":{"line":60,"column":85}}],"line":60}},"s":{"0":1,"1":1,"2":1,"3":1,"4":1},"f":{"0":1,"1":1},"b":{"0":[1,0],"1":[0,1],"2":[0,1]},"_coverageSchema":"1a1c01bbd47fc00a2c39e90264f33305004495a9","hash":"3dd38a96302089b8b804c69fb1899aa04aac3641"}
,"C:\\Users\\facug\\Desktop\\Aplicaciones 1\\frontend\\front clonado\\FrontEnd_Grupo3_DesarrolloApps1\\src\\components\\favorites\\favorite_principal\\ItineraryCard\\ItineraryCard.tsx": {"path":"C:\\Users\\facug\\Desktop\\Aplicaciones 1\\frontend\\front clonado\\FrontEnd_Grupo3_DesarrolloApps1\\src\\components\\favorites\\favorite_principal\\ItineraryCard\\ItineraryCard.tsx","statementMap":{"0":{"start":{"line":36,"column":59},"end":{"line":170,"column":1}},"1":{"start":{"line":50,"column":22},"end":{"line":50,"column":59}},"2":{"start":{"line":51,"column":24},"end":{"line":51,"column":61}},"3":{"start":{"line":52,"column":19},"end":{"line":52,"column":56}},"4":{"start":{"line":54,"column":20},"end":{"line":54,"column":30}},"5":{"start":{"line":57,"column":24},"end":{"line":64,"column":3}},"6":{"start":{"line":58,"column":4},"end":{"line":63,"column":15}},"7":{"start":{"line":66,"column":25},"end":{"line":73,"column":3}},"8":{"start":{"line":67,"column":4},"end":{"line":72,"column":15}},"9":{"start":{"line":75,"column":2},"end":{"line":169,"column":4}},"10":{"start":{"line":118,"column":29},"end":{"line":118,"column":61}},"11":{"start":{"line":119,"column":30},"end":{"line":119,"column":57}},"12":{"start":{"line":131,"column":31},"end":{"line":131,"column":65}},"13":{"start":{"line":132,"column":32},"end":{"line":132,"column":61}},"14":{"start":{"line":151,"column":31},"end":{"line":151,"column":60}},"15":{"start":{"line":152,"column":32},"end":{"line":152,"column":56}}},"fnMap":{"0":{"name":"(anonymous_0)","decl":{"start":{"line":36,"column":59},"end":{"line":36,"column":60}},"loc":{"start":{"line":48,"column":6},"end":{"line":170,"column":1}},"line":48},"1":{"name":"(anonymous_1)","decl":{"start":{"line":57,"column":24},"end":{"line":57,"column":25}},"loc":{"start":{"line":57,"column":82},"end":{"line":64,"column":3}},"line":57},"2":{"name":"(anonymous_2)","decl":{"start":{"line":66,"column":25},"end":{"line":66,"column":26}},"loc":{"start":{"line":66,"column":55},"end":{"line":73,"column":3}},"line":66},"3":{"name":"(anonymous_3)","decl":{"start":{"line":118,"column":23},"end":{"line":118,"column":24}},"loc":{"start":{"line":118,"column":29},"end":{"line":118,"column":61}},"line":118},"4":{"name":"(anonymous_4)","decl":{"start":{"line":119,"column":24},"end":{"line":119,"column":25}},"loc":{"start":{"line":119,"column":30},"end":{"line":119,"column":57}},"line":119},"5":{"name":"(anonymous_5)","decl":{"start":{"line":131,"column":25},"end":{"line":131,"column":26}},"loc":{"start":{"line":131,"column":31},"end":{"line":131,"column":65}},"line":131},"6":{"name":"(anonymous_6)","decl":{"start":{"line":132,"column":26},"end":{"line":132,"column":27}},"loc":{"start":{"line":132,"column":32},"end":{"line":132,"column":61}},"line":132},"7":{"name":"(anonymous_7)","decl":{"start":{"line":151,"column":25},"end":{"line":151,"column":26}},"loc":{"start":{"line":151,"column":31},"end":{"line":151,"column":60}},"line":151},"8":{"name":"(anonymous_8)","decl":{"start":{"line":152,"column":26},"end":{"line":152,"column":27}},"loc":{"start":{"line":152,"column":32},"end":{"line":152,"column":56}},"line":152}},"branchMap":{"0":{"loc":{"start":{"line":41,"column":2},"end":{"line":41,"column":28}},"type":"default-arg","locations":[{"start":{"line":41,"column":23},"end":{"line":41,"column":28}}],"line":41},"1":{"loc":{"start":{"line":42,"column":2},"end":{"line":42,"column":19}},"type":"default-arg","locations":[{"start":{"line":42,"column":15},"end":{"line":42,"column":19}}],"line":42},"2":{"loc":{"start":{"line":43,"column":2},"end":{"line":43,"column":18}},"type":"default-arg","locations":[{"start":{"line":43,"column":13},"end":{"line":43,"column":18}}],"line":43},"3":{"loc":{"start":{"line":57,"column":51},"end":{"line":57,"column":77}},"type":"default-arg","locations":[{"start":{"line":57,"column":73},"end":{"line":57,"column":77}}],"line":57},"4":{"loc":{"start":{"line":83,"column":11},"end":{"line":87,"column":11}},"type":"cond-expr","locations":[{"start":{"line":84,"column":12},"end":{"line":84,"column":28}},{"start":{"line":86,"column":12},"end":{"line":86,"column":20}}],"line":83},"5":{"loc":{"start":{"line":135,"column":16},"end":{"line":135,"column":99}},"type":"binary-expr","locations":[{"start":{"line":135,"column":16},"end":{"line":135,"column":34}},{"start":{"line":135,"column":38},"end":{"line":135,"column":99}}],"line":135},"6":{"loc":{"start":{"line":138,"column":34},"end":{"line":138,"column":113}},"type":"cond-expr","locations":[{"start":{"line":138,"column":55},"end":{"line":138,"column":88}},{"start":{"line":138,"column":91},"end":{"line":138,"column":113}}],"line":138},"7":{"loc":{"start":{"line":144,"column":25},"end":{"line":144,"column":81}},"type":"cond-expr","locations":[{"start":{"line":144,"column":46},"end":{"line":144,"column":59}},{"start":{"line":144,"column":62},"end":{"line":144,"column":81}}],"line":144},"8":{"loc":{"start":{"line":155,"column":34},"end":{"line":155,"column":80}},"type":"cond-expr","locations":[{"start":{"line":155,"column":45},"end":{"line":155,"column":62}},{"start":{"line":155,"column":65},"end":{"line":155,"column":80}}],"line":155},"9":{"loc":{"start":{"line":161,"column":25},"end":{"line":161,"column":71}},"type":"cond-expr","locations":[{"start":{"line":161,"column":36},"end":{"line":161,"column":49}},{"start":{"line":161,"column":52},"end":{"line":161,"column":71}}],"line":161}},"s":{"0":1,"1":8,"2":8,"3":8,"4":8,"5":8,"6":3,"7":8,"8":3,"9":8,"10":1,"11":1,"12":1,"13":1,"14":1,"15":1},"f":{"0":8,"1":3,"2":3,"3":1,"4":1,"5":1,"6":1,"7":1,"8":1},"b":{"0":[6],"1":[7],"2":[6],"3":[0],"4":[1,7],"5":[8,1],"6":[1,7],"7":[1,7],"8":[1,7],"9":[1,7]},"_coverageSchema":"1a1c01bbd47fc00a2c39e90264f33305004495a9","hash":"29833732b0a57cbf0747e49025c45d4870d5c48f"}
,"C:\\Users\\facug\\Desktop\\Aplicaciones 1\\frontend\\front clonado\\FrontEnd_Grupo3_DesarrolloApps1\\src\\components\\favorites\\itinerary_edit\\CreateActivityCard\\CreateActivityCard.tsx": {"path":"C:\\Users\\facug\\Desktop\\Aplicaciones 1\\frontend\\front clonado\\FrontEnd_Grupo3_DesarrolloApps1\\src\\components\\favorites\\itinerary_edit\\CreateActivityCard\\CreateActivityCard.tsx","statementMap":{"0":{"start":{"line":13,"column":69},"end":{"line":32,"column":1}},"1":{"start":{"line":14,"column":20},"end":{"line":14,"column":30}},"2":{"start":{"line":16,"column":2},"end":{"line":31,"column":4}},"3":{"start":{"line":19,"column":30},"end":{"line":23,"column":7}}},"fnMap":{"0":{"name":"(anonymous_0)","decl":{"start":{"line":13,"column":69},"end":{"line":13,"column":70}},"loc":{"start":{"line":13,"column":86},"end":{"line":32,"column":1}},"line":13},"1":{"name":"(anonymous_1)","decl":{"start":{"line":19,"column":13},"end":{"line":19,"column":14}},"loc":{"start":{"line":19,"column":30},"end":{"line":23,"column":7}},"line":19}},"branchMap":{"0":{"loc":{"start":{"line":22,"column":8},"end":{"line":22,"column":38}},"type":"binary-expr","locations":[{"start":{"line":22,"column":8},"end":{"line":22,"column":15}},{"start":{"line":22,"column":19},"end":{"line":22,"column":38}}],"line":22}},"s":{"0":1,"1":1,"2":1,"3":1},"f":{"0":1,"1":1},"b":{"0":[1,0]},"_coverageSchema":"1a1c01bbd47fc00a2c39e90264f33305004495a9","hash":"9358f2c413988f8dd1a85b0d55d07bdd76167994"}
,"C:\\Users\\facug\\Desktop\\Aplicaciones 1\\frontend\\front clonado\\FrontEnd_Grupo3_DesarrolloApps1\\src\\components\\favorites\\itinerary_edit\\EditModal\\EditModal.tsx": {"path":"C:\\Users\\facug\\Desktop\\Aplicaciones 1\\frontend\\front clonado\\FrontEnd_Grupo3_DesarrolloApps1\\src\\components\\favorites\\itinerary_edit\\EditModal\\EditModal.tsx","statementMap":{"0":{"start":{"line":17,"column":51},"end":{"line":100,"column":1}},"1":{"start":{"line":23,"column":26},"end":{"line":23,"column":48}},"2":{"start":{"line":24,"column":20},"end":{"line":24,"column":30}},"3":{"start":{"line":27,"column":2},"end":{"line":31,"column":30}},"4":{"start":{"line":28,"column":4},"end":{"line":30,"column":5}},"5":{"start":{"line":29,"column":6},"end":{"line":29,"column":28}},"6":{"start":{"line":33,"column":21},"end":{"line":37,"column":3}},"7":{"start":{"line":34,"column":4},"end":{"line":36,"column":5}},"8":{"start":{"line":35,"column":6},"end":{"line":35,"column":26}},"9":{"start":{"line":39,"column":2},"end":{"line":99,"column":4}},"10":{"start":{"line":70,"column":38},"end":{"line":75,"column":15}},"11":{"start":{"line":84,"column":38},"end":{"line":89,"column":15}}},"fnMap":{"0":{"name":"(anonymous_0)","decl":{"start":{"line":17,"column":51},"end":{"line":17,"column":52}},"loc":{"start":{"line":22,"column":6},"end":{"line":100,"column":1}},"line":22},"1":{"name":"(anonymous_1)","decl":{"start":{"line":27,"column":12},"end":{"line":27,"column":13}},"loc":{"start":{"line":27,"column":18},"end":{"line":31,"column":3}},"line":27},"2":{"name":"(anonymous_2)","decl":{"start":{"line":33,"column":21},"end":{"line":33,"column":22}},"loc":{"start":{"line":33,"column":27},"end":{"line":37,"column":3}},"line":33},"3":{"name":"(anonymous_3)","decl":{"start":{"line":70,"column":21},"end":{"line":70,"column":22}},"loc":{"start":{"line":70,"column":38},"end":{"line":75,"column":15}},"line":70},"4":{"name":"(anonymous_4)","decl":{"start":{"line":84,"column":21},"end":{"line":84,"column":22}},"loc":{"start":{"line":84,"column":38},"end":{"line":89,"column":15}},"line":84}},"branchMap":{"0":{"loc":{"start":{"line":28,"column":4},"end":{"line":30,"column":5}},"type":"if","locations":[{"start":{"line":28,"column":4},"end":{"line":30,"column":5}},{"start":{},"end":{}}],"line":28},"1":{"loc":{"start":{"line":34,"column":4},"end":{"line":36,"column":5}},"type":"if","locations":[{"start":{"line":34,"column":4},"end":{"line":36,"column":5}},{"start":{},"end":{}}],"line":34},"2":{"loc":{"start":{"line":47,"column":18},"end":{"line":47,"column":62}},"type":"cond-expr","locations":[{"start":{"line":47,"column":42},"end":{"line":47,"column":51}},{"start":{"line":47,"column":54},"end":{"line":47,"column":62}}],"line":47},"3":{"loc":{"start":{"line":74,"column":16},"end":{"line":74,"column":46}},"type":"binary-expr","locations":[{"start":{"line":74,"column":16},"end":{"line":74,"column":23}},{"start":{"line":74,"column":27},"end":{"line":74,"column":46}}],"line":74},"4":{"loc":{"start":{"line":88,"column":16},"end":{"line":88,"column":46}},"type":"binary-expr","locations":[{"start":{"line":88,"column":16},"end":{"line":88,"column":23}},{"start":{"line":88,"column":27},"end":{"line":88,"column":46}}],"line":88}},"s":{"0":1,"1":10,"2":10,"3":10,"4":7,"5":6,"6":10,"7":2,"8":1,"9":10,"10":10,"11":10},"f":{"0":10,"1":7,"2":2,"3":10,"4":10},"b":{"0":[6,1],"1":[1,1],"2":[10,0],"3":[10,0],"4":[10,0]},"_coverageSchema":"1a1c01bbd47fc00a2c39e90264f33305004495a9","hash":"3e197bef547e295f22bb32cdd655deb1f030f419"}
,"C:\\Users\\facug\\Desktop\\Aplicaciones 1\\frontend\\front clonado\\FrontEnd_Grupo3_DesarrolloApps1\\src\\components\\favorites\\itinerary_edit\\EditableActivityCard\\EditableActivityCard.tsx": {"path":"C:\\Users\\facug\\Desktop\\Aplicaciones 1\\frontend\\front clonado\\FrontEnd_Grupo3_DesarrolloApps1\\src\\components\\favorites\\itinerary_edit\\EditableActivityCard\\EditableActivityCard.tsx","statementMap":{"0":{"start":{"line":25,"column":73},"end":{"line":97,"column":1}},"1":{"start":{"line":33,"column":20},"end":{"line":33,"column":30}},"2":{"start":{"line":35,"column":2},"end":{"line":96,"column":4}},"3":{"start":{"line":62,"column":36},"end":{"line":66,"column":13}},"4":{"start":{"line":79,"column":36},"end":{"line":83,"column":13}}},"fnMap":{"0":{"name":"(anonymous_0)","decl":{"start":{"line":25,"column":73},"end":{"line":25,"column":74}},"loc":{"start":{"line":32,"column":6},"end":{"line":97,"column":1}},"line":32},"1":{"name":"(anonymous_1)","decl":{"start":{"line":62,"column":19},"end":{"line":62,"column":20}},"loc":{"start":{"line":62,"column":36},"end":{"line":66,"column":13}},"line":62},"2":{"name":"(anonymous_2)","decl":{"start":{"line":79,"column":19},"end":{"line":79,"column":20}},"loc":{"start":{"line":79,"column":36},"end":{"line":83,"column":13}},"line":79}},"branchMap":{"0":{"loc":{"start":{"line":65,"column":14},"end":{"line":65,"column":44}},"type":"binary-expr","locations":[{"start":{"line":65,"column":14},"end":{"line":65,"column":21}},{"start":{"line":65,"column":25},"end":{"line":65,"column":44}}],"line":65},"1":{"loc":{"start":{"line":82,"column":14},"end":{"line":82,"column":44}},"type":"binary-expr","locations":[{"start":{"line":82,"column":14},"end":{"line":82,"column":21}},{"start":{"line":82,"column":25},"end":{"line":82,"column":44}}],"line":82}},"s":{"0":1,"1":3,"2":3,"3":3,"4":3},"f":{"0":3,"1":3,"2":3},"b":{"0":[3,0],"1":[3,0]},"_coverageSchema":"1a1c01bbd47fc00a2c39e90264f33305004495a9","hash":"ccf597a57ea0882726a680401862f8d93616b674"}
}
