TN:
SF:src\components\Preferencias\CalendarioViaje.tsx
FN:47,CalendarioViaje
FN:51,(anonymous_1)
FN:65,(anonymous_2)
FN:95,(anonymous_3)
FN:102,(anonymous_4)
FN:124,(anonymous_5)
FNF:6
FNH:5
FNDA:12,CalendarioViaje
FNDA:7,(anonymous_1)
FNDA:12,(anonymous_2)
FNDA:2,(anonymous_3)
FNDA:1,(anonymous_4)
FNDA:0,(anonymous_5)
DA:12,1
DA:25,1
DA:42,1
DA:43,1
DA:44,1
DA:45,1
DA:48,12
DA:49,12
DA:51,12
DA:52,7
DA:53,4
DA:54,4
DA:55,3
DA:56,1
DA:57,1
DA:58,2
DA:59,1
DA:61,1
DA:65,12
DA:66,12
DA:67,7
DA:69,7
DA:70,4
DA:76,4
DA:79,3
DA:80,3
DA:82,3
DA:83,3
DA:84,3
DA:85,3
DA:86,11
DA:87,11
DA:88,11
DA:90,3
DA:93,12
DA:95,12
DA:96,2
DA:97,2
DA:98,2
DA:102,12
DA:103,1
DA:104,1
DA:105,1
DA:108,12
DA:125,0
DA:163,1
LF:46
LH:45
BRDA:48,0,0,12
BRDA:48,0,1,11
BRDA:49,1,0,12
BRDA:49,1,1,11
BRDA:52,2,0,4
BRDA:52,2,1,3
BRDA:52,3,0,7
BRDA:52,3,1,3
BRDA:52,3,2,3
BRDA:55,4,0,1
BRDA:55,4,1,2
BRDA:58,5,0,1
BRDA:58,5,1,1
BRDA:66,6,0,5
BRDA:66,6,1,7
BRDA:69,7,0,4
BRDA:69,7,1,3
BRDA:93,8,0,12
BRDA:93,8,1,7
BRDA:96,9,0,2
BRDA:96,9,1,0
BRDA:103,10,0,1
BRDA:103,10,1,0
BRDA:104,11,0,1
BRDA:104,11,1,0
BRDA:126,12,0,0
BRDA:126,12,1,0
BRDA:150,13,0,12
BRDA:150,13,1,9
BRF:29
BRH:24
end_of_record
TN:
SF:src\components\Preferencias\CategoriaCard.tsx
FN:19,CategoriaCard
FNF:1
FNH:1
FNDA:15,CategoriaCard
DA:20,15
DA:23,15
DA:24,15
DA:25,15
DA:26,15
DA:28,15
DA:42,2
LF:7
LH:7
BRDA:23,0,0,5
BRDA:23,0,1,10
BRDA:24,1,0,5
BRDA:24,1,1,10
BRDA:25,2,0,5
BRDA:25,2,1,10
BRDA:26,3,0,5
BRDA:26,3,1,10
BRF:8
BRH:8
end_of_record
TN:
SF:src\components\Preferencias\CategoriaGrid.tsx
FN:16,(anonymous_0)
FN:17,(anonymous_1)
FN:18,(anonymous_2)
FN:19,(anonymous_3)
FN:22,(anonymous_4)
FN:26,(anonymous_5)
FN:35,CategoriaGrid
FN:45,(anonymous_7)
FN:51,(anonymous_8)
FNF:9
FNH:9
FNDA:2,(anonymous_0)
FNDA:2,(anonymous_1)
FNDA:2,(anonymous_2)
FNDA:2,(anonymous_3)
FNDA:2,(anonymous_4)
FNDA:2,(anonymous_5)
FNDA:2,CategoriaGrid
FNDA:12,(anonymous_7)
FNDA:1,(anonymous_8)
DA:15,1
DA:16,2
DA:17,2
DA:18,2
DA:19,2
DA:22,2
DA:26,2
DA:36,2
DA:38,2
DA:46,12
DA:51,1
DA:59,1
LF:12
LH:12
BRF:0
BRH:0
end_of_record
TN:
SF:src\components\Preferencias\DestinoInput.tsx
FN:20,DestinoInput
FNF:1
FNH:1
FNDA:3,DestinoInput
DA:21,3
DA:23,3
DA:43,1
LF:3
LH:3
BRDA:30,0,0,1
BRDA:30,0,1,2
BRDA:31,1,0,3
BRDA:31,1,1,2
BRDA:33,2,0,3
BRDA:33,2,1,1
BRF:6
BRH:6
end_of_record
TN:
SF:src\components\Preferencias\FechaRangeSelector.tsx
FN:21,FechaRangeSelector
FNF:1
FNH:1
FNDA:2,FechaRangeSelector
DA:22,2
DA:24,2
DA:26,2
DA:60,1
LF:4
LH:4
BRDA:24,0,0,2
BRDA:24,0,1,1
BRDA:38,1,0,1
BRDA:38,1,1,1
BRDA:45,2,0,1
BRDA:45,2,1,1
BRDA:51,3,0,2
BRDA:51,3,1,1
BRF:8
BRH:8
end_of_record
TN:
SF:src\components\Recomendaciones\ResultadosEmptyState.tsx
FN:17,ResultadosEmptyState
FNF:1
FNH:1
FNDA:1,ResultadosEmptyState
DA:18,1
DA:20,1
DA:37,1
LF:3
LH:3
BRF:0
BRH:0
end_of_record
TN:
SF:src\components\Recomendaciones\ResultadosHeader.tsx
FN:25,ResultadosHeader
FN:83,(anonymous_1)
FNF:2
FNH:2
FNDA:5,ResultadosHeader
FNDA:10,(anonymous_1)
DA:33,5
DA:34,5
DA:37,5
DA:39,5
DA:83,10
DA:93,1
LF:6
LH:6
BRDA:37,0,0,1
BRDA:37,0,1,4
BRDA:44,1,0,1
BRDA:44,1,1,4
BRDA:53,2,0,1
BRDA:53,2,1,4
BRDA:57,3,0,5
BRDA:57,3,1,1
BRDA:60,4,0,5
BRDA:60,4,1,1
BRDA:61,5,0,5
BRDA:61,5,1,1
BRDA:67,6,0,5
BRDA:67,6,1,5
BRDA:67,7,0,5
BRDA:67,7,1,5
BRDA:68,8,0,5
BRDA:68,8,1,1
BRDA:71,9,0,1
BRDA:71,9,1,4
BRDA:79,10,0,5
BRDA:79,10,1,5
BRDA:80,11,0,5
BRDA:80,11,1,1
BRF:24
BRH:24
end_of_record
