TN:
SF:src\components\favorites\CardItinerarioInfoFav.tsx
FN:18,CardItinerarioInfoFav
FNF:1
FNH:1
FNDA:4,CardItinerarioInfoFav
DA:31,4
LF:1
LH:1
BRDA:28,0,0,3
BRF:1
BRH:1
end_of_record
TN:
SF:src\components\favorites\editActivityFormulary\EditActivityFormulary.tsx
FN:23,(anonymous_0)
FN:38,(anonymous_1)
FN:43,(anonymous_2)
FN:99,(anonymous_3)
FN:138,(anonymous_4)
FN:138,(anonymous_5)
FN:143,(anonymous_6)
FN:144,(anonymous_7)
FN:214,(anonymous_8)
FN:227,(anonymous_9)
FNF:10
FNH:10
FNDA:20,(anonymous_0)
FNDA:9,(anonymous_1)
FNDA:8,(anonymous_2)
FNDA:4,(anonymous_3)
FNDA:60,(anonymous_4)
FNDA:60,(anonymous_5)
FNDA:1,(anonymous_6)
FNDA:57,(anonymous_7)
FNDA:19,(anonymous_8)
FNDA:19,(anonymous_9)
DA:23,1
DA:29,20
DA:30,20
DA:31,20
DA:32,20
DA:33,20
DA:34,20
DA:36,20
DA:38,20
DA:39,9
DA:40,9
DA:43,20
DA:45,8
DA:46,0
DA:47,0
DA:48,0
DA:49,0
DA:51,0
DA:53,0
DA:56,8
DA:57,8
DA:59,8
DA:60,4
DA:61,4
DA:63,4
DA:64,4
DA:65,4
DA:67,4
DA:68,4
DA:69,4
DA:70,4
DA:71,1
DA:73,3
DA:77,4
DA:78,4
DA:79,2
DA:80,2
DA:81,1
DA:83,1
DA:85,2
DA:86,1
DA:89,8
DA:92,8
DA:93,5
DA:95,3
DA:99,20
DA:100,4
DA:101,1
DA:102,1
DA:104,3
DA:105,1
DA:106,1
DA:108,2
DA:109,1
DA:110,1
DA:111,1
DA:113,1
DA:122,20
DA:138,60
DA:139,60
DA:140,60
DA:143,1
DA:144,57
DA:214,19
DA:227,19
LF:65
LH:59
BRDA:33,0,0,20
BRDA:33,0,1,0
BRDA:45,1,0,0
BRDA:45,1,1,8
BRDA:45,2,0,8
BRDA:45,2,1,0
BRDA:48,3,0,0
BRDA:48,3,1,0
BRDA:48,4,0,0
BRDA:48,4,1,0
BRDA:59,5,0,4
BRDA:59,5,1,4
BRDA:64,6,0,0
BRDA:64,6,1,4
BRDA:68,7,0,4
BRDA:68,7,1,0
BRDA:70,8,0,1
BRDA:70,8,1,3
BRDA:78,9,0,2
BRDA:78,9,1,2
BRDA:80,10,0,1
BRDA:80,10,1,1
BRDA:85,11,0,1
BRDA:85,11,1,1
BRDA:92,12,0,5
BRDA:92,12,1,3
BRDA:92,13,0,8
BRDA:92,13,1,7
BRDA:100,14,0,1
BRDA:100,14,1,3
BRDA:104,15,0,1
BRDA:104,15,1,2
BRDA:108,16,0,1
BRDA:108,16,1,1
BRDA:124,17,0,20
BRDA:124,17,1,0
BRDA:146,18,0,19
BRDA:146,18,1,38
BRDA:149,19,0,57
BRDA:149,19,1,0
BRDA:157,20,0,20
BRDA:157,20,1,40
BRDA:197,21,0,6
BRDA:197,21,1,14
BRDA:217,22,0,19
BRDA:217,22,1,0
BRDA:230,23,0,19
BRDA:230,23,1,0
BRF:48
BRH:35
end_of_record
TN:
SF:src\components\favorites\favorite_principal\EmptyState\EmptyState.tsx
FN:20,(anonymous_0)
FN:47,(anonymous_1)
FNF:2
FNH:2
FNDA:1,(anonymous_0)
FNDA:1,(anonymous_1)
DA:20,1
DA:26,1
DA:27,1
DA:29,1
DA:47,1
LF:5
LH:5
BRDA:50,0,0,1
BRDA:50,0,1,0
BRDA:58,1,0,0
BRDA:58,1,1,1
BRDA:60,2,0,0
BRDA:60,2,1,1
BRF:6
BRH:3
end_of_record
TN:
SF:src\components\favorites\favorite_principal\ItineraryCard\ItineraryCard.tsx
FN:36,(anonymous_0)
FN:57,(anonymous_1)
FN:66,(anonymous_2)
FN:118,(anonymous_3)
FN:119,(anonymous_4)
FN:131,(anonymous_5)
FN:132,(anonymous_6)
FN:151,(anonymous_7)
FN:152,(anonymous_8)
FNF:9
FNH:9
FNDA:8,(anonymous_0)
FNDA:3,(anonymous_1)
FNDA:3,(anonymous_2)
FNDA:1,(anonymous_3)
FNDA:1,(anonymous_4)
FNDA:1,(anonymous_5)
FNDA:1,(anonymous_6)
FNDA:1,(anonymous_7)
FNDA:1,(anonymous_8)
DA:36,1
DA:50,8
DA:51,8
DA:52,8
DA:54,8
DA:57,8
DA:58,3
DA:66,8
DA:67,3
DA:75,8
DA:118,1
DA:119,1
DA:131,1
DA:132,1
DA:151,1
DA:152,1
LF:16
LH:16
BRDA:41,0,0,6
BRDA:42,1,0,7
BRDA:43,2,0,6
BRDA:57,3,0,0
BRDA:83,4,0,1
BRDA:83,4,1,7
BRDA:135,5,0,8
BRDA:135,5,1,1
BRDA:138,6,0,1
BRDA:138,6,1,7
BRDA:144,7,0,1
BRDA:144,7,1,7
BRDA:155,8,0,1
BRDA:155,8,1,7
BRDA:161,9,0,1
BRDA:161,9,1,7
BRF:16
BRH:15
end_of_record
TN:
SF:src\components\favorites\itinerary_edit\CreateActivityCard\CreateActivityCard.tsx
FN:13,(anonymous_0)
FN:19,(anonymous_1)
FNF:2
FNH:2
FNDA:1,(anonymous_0)
FNDA:1,(anonymous_1)
DA:13,1
DA:14,1
DA:16,1
DA:19,1
LF:4
LH:4
BRDA:22,0,0,1
BRDA:22,0,1,0
BRF:2
BRH:1
end_of_record
TN:
SF:src\components\favorites\itinerary_edit\EditModal\EditModal.tsx
FN:17,(anonymous_0)
FN:27,(anonymous_1)
FN:33,(anonymous_2)
FN:70,(anonymous_3)
FN:84,(anonymous_4)
FNF:5
FNH:5
FNDA:10,(anonymous_0)
FNDA:7,(anonymous_1)
FNDA:2,(anonymous_2)
FNDA:10,(anonymous_3)
FNDA:10,(anonymous_4)
DA:17,1
DA:23,10
DA:24,10
DA:27,10
DA:28,7
DA:29,6
DA:33,10
DA:34,2
DA:35,1
DA:39,10
DA:70,10
DA:84,10
LF:12
LH:12
BRDA:28,0,0,6
BRDA:28,0,1,1
BRDA:34,1,0,1
BRDA:34,1,1,1
BRDA:47,2,0,10
BRDA:47,2,1,0
BRDA:74,3,0,10
BRDA:74,3,1,0
BRDA:88,4,0,10
BRDA:88,4,1,0
BRF:10
BRH:7
end_of_record
TN:
SF:src\components\favorites\itinerary_edit\EditableActivityCard\EditableActivityCard.tsx
FN:25,(anonymous_0)
FN:62,(anonymous_1)
FN:79,(anonymous_2)
FNF:3
FNH:3
FNDA:3,(anonymous_0)
FNDA:3,(anonymous_1)
FNDA:3,(anonymous_2)
DA:25,1
DA:33,3
DA:35,3
DA:62,3
DA:79,3
LF:5
LH:5
BRDA:65,0,0,3
BRDA:65,0,1,0
BRDA:82,1,0,3
BRDA:82,1,1,0
BRF:4
BRH:2
end_of_record
